<?xml version="1.0" encoding="UTF-8"?>
<!-- Generated by org.testng.reporters.JUnitReportReporter -->
<testsuite hostname="LAPTOP-A7UER8PU" failures="0" tests="3" name="org.test.com.Dependency_Test" time="0.007" errors="0" timestamp="2022-02-07T14:34:30 IST" skipped="0">
  <testcase classname="org.test.com.Dependency_Test" name="collage" time="0.001"/>
  <system-out/>
  <testcase classname="org.test.com.Dependency_Test" name="highSec" time="0.001"/>
  <system-out/>
  <testcase classname="org.test.com.Dependency_Test" name="school" time="0.005"/>
  <system-out/>
</testsuite> <!-- org.test.com.Dependency_Test -->
