<?xml version="1.0" encoding="UTF-8"?>
<!-- Generated by org.testng.reporters.JUnitReportReporter -->
<testsuite hostname="LAPTOP-A7UER8PU" failures="0" tests="1" name="org.test.com.Paramaterized_Test" time="0.006" errors="0" timestamp="2022-02-07T14:24:03 IST" skipped="0">
  <testcase classname="org.test.com.Paramaterized_Test" name="credential" time="0.006"/>
  <system-out/>
</testsuite> <!-- org.test.com.Paramaterized_Test -->
