<?xml version="1.0" encoding="UTF-8"?>
<!-- Generated by org.testng.reporters.JUnitReportReporter -->
<testsuite hostname="LAPTOP-A7UER8PU" failures="0" tests="1" name="org.test.com.Soft_Assert" time="3.769" errors="0" timestamp="2022-02-08T18:17:49 IST" skipped="0">
  <testcase classname="org.test.com.Soft_Assert" name="data" time="3.769"/>
  <system-out/>
</testsuite> <!-- org.test.com.Soft_Assert -->
