<?xml version="1.0" encoding="UTF-8"?>
<!-- Generated by org.testng.reporters.JUnitReportReporter -->
<testsuite hostname="LAPTOP-A7UER8PU" failures="0" tests="5" name="IgnoreTest" time="0.017" errors="0" timestamp="2022-02-07T14:08:57 IST" skipped="2">
  <testcase classname="IgnoreTest" name="searchBags" time="0.008"/>
  <system-out/>
  <testcase classname="IgnoreTest" name="searchPhone" time="0.004"/>
  <system-out/>
  <testcase classname="IgnoreTest" name="serchLaptop" time="0.005"/>
  <system-out/>
  <testcase classname="IgnoreTest" name="searchWatch">
    <skipped/>
  </testcase> <!-- searchWatch -->
  <system-out/>
  <testcase classname="IgnoreTest" name="serchSpeaker">
    <skipped/>
  </testcase> <!-- serchSpeaker -->
  <system-out/>
</testsuite> <!-- IgnoreTest -->
