<?xml version="1.0" encoding="UTF-8"?>
<!-- Generated by org.testng.reporters.JUnitReportReporter -->
<testsuite hostname="LAPTOP-A7UER8PU" failures="0" tests="1" name="org.test.com.Hard_Assert" time="6.279" errors="0" timestamp="2022-02-08T18:17:16 IST" skipped="0">
  <testcase classname="org.test.com.Hard_Assert" name="testAssert" time="6.279"/>
  <system-out/>
</testsuite> <!-- org.test.com.Hard_Assert -->
