<?xml version="1.0" encoding="UTF-8"?>
<!-- Generated by org.testng.reporters.JUnitReportReporter -->
<testsuite hostname="LAPTOP-A7UER8PU" failures="0" tests="3" name="org.test.com.Data_Provider" time="0.008" errors="0" timestamp="2022-02-07T14:34:54 IST" skipped="0">
  <testcase classname="org.test.com.Data_Provider" name="credential" time="0.002"/>
  <system-out/>
  <testcase classname="org.test.com.Data_Provider" name="credential" time="0.005"/>
  <system-out/>
  <testcase classname="org.test.com.Data_Provider" name="credential" time="0.001"/>
  <system-out/>
</testsuite> <!-- org.test.com.Data_Provider -->
