<?xml version="1.0" encoding="UTF-8"?>
<!-- Generated by org.testng.reporters.JUnitReportReporter -->
<testsuite hostname="LAPTOP-A7UER8PU" failures="0" tests="2" name="org.test.com.Time_Out" time="0.011" errors="0" timestamp="2022-02-07T14:13:28 IST" skipped="0">
  <testcase classname="org.test.com.Time_Out" name="login" time="0.007"/>
  <system-out/>
  <testcase classname="org.test.com.Time_Out" name="logout" time="0.004"/>
  <system-out/>
</testsuite> <!-- org.test.com.Time_Out -->
