<?xml version="1.0" encoding="UTF-8"?>
<!-- Generated by org.testng.reporters.JUnitReportReporter -->
<testsuite hostname="LAPTOP-A7UER8PU" failures="0" tests="2" name="Simple_Annotation" time="0.009" errors="0" timestamp="2022-02-07T14:12:32 IST" skipped="0">
  <testcase classname="Simple_Annotation" name="searchWatch" time="0.004"/>
  <system-out/>
  <testcase classname="Simple_Annotation" name="serchLaptop" time="0.005"/>
  <system-out/>
</testsuite> <!-- Simple_Annotation -->
