<?xml version="1.0" encoding="UTF-8"?>
<!-- Generated by org.testng.reporters.JUnitReportReporter -->
<testsuite hostname="LAPTOP-A7UER8PU" failures="0" tests="4" name="org.test.com.Grouping_Test" time="0.019" errors="0" timestamp="2022-02-07T14:33:29 IST" skipped="0">
  <testcase classname="org.test.com.Grouping_Test" name="personalNo" time="0.002"/>
  <system-out/>
  <testcase classname="org.test.com.Grouping_Test" name="personalAdd" time="0.003"/>
  <system-out/>
  <testcase classname="org.test.com.Grouping_Test" name="bankPass" time="0.013"/>
  <system-out/>
  <testcase classname="org.test.com.Grouping_Test" name="bankaccNo" time="0.001"/>
  <system-out/>
</testsuite> <!-- org.test.com.Grouping_Test -->
