<?xml version="1.0" encoding="UTF-8"?>
<!-- Generated by org.testng.reporters.JUnitReportReporter -->
<testsuite hostname="LAPTOP-A7UER8PU" failures="0" tests="8" name="org.test.com.Invocation_Count" time="0.023" errors="0" timestamp="2022-02-07T14:30:55 IST" skipped="0">
  <testcase classname="org.test.com.Invocation_Count" name="search_Mobiles" time="0.001"/>
  <system-out/>
  <testcase classname="org.test.com.Invocation_Count" name="search_Earphone" time="0.004"/>
  <system-out/>
  <testcase classname="org.test.com.Invocation_Count" name="search_Dress" time="0.006"/>
  <system-out/>
  <testcase classname="org.test.com.Invocation_Count" name="search_Mobiles" time="0.002"/>
  <system-out/>
  <testcase classname="org.test.com.Invocation_Count" name="search_Mobiles" time="0.002"/>
  <system-out/>
  <testcase classname="org.test.com.Invocation_Count" name="search_Mobiles" time="0.002"/>
  <system-out/>
  <testcase classname="org.test.com.Invocation_Count" name="search_Mobiles" time="0.004"/>
  <system-out/>
  <testcase classname="org.test.com.Invocation_Count" name="search_Toys" time="0.002"/>
  <system-out/>
</testsuite> <!-- org.test.com.Invocation_Count -->
