<?xml version="1.0" encoding="UTF-8"?>
<!-- Generated by org.testng.reporters.JUnitReportReporter -->
<testsuite hostname="LAPTOP-A7UER8PU" failures="0" tests="5" name="org.test.com.Priority_Test" time="0.010" errors="0" timestamp="2022-02-07T14:14:00 IST" skipped="0">
  <testcase classname="org.test.com.Priority_Test" name="search_Tv" time="0.005"/>
  <system-out/>
  <testcase classname="org.test.com.Priority_Test" name="search_Games" time="0.002"/>
  <system-out/>
  <testcase classname="org.test.com.Priority_Test" name="search_Speaker" time="0.001"/>
  <system-out/>
  <testcase classname="org.test.com.Priority_Test" name="search_Phone" time="0.001"/>
  <system-out/>
  <testcase classname="org.test.com.Priority_Test" name="search_Laptop" time="0.001"/>
  <system-out/>
</testsuite> <!-- org.test.com.Priority_Test -->
