<?xml version="1.0" encoding="UTF-8"?>
<!-- Generated by org.testng.reporters.JUnitReportReporter -->
<testsuite hostname="LAPTOP-A7UER8PU" failures="0" tests="2" name="org.test.com.Exception_Test" time="0.010" errors="0" timestamp="2022-02-07T14:34:05 IST" skipped="0">
  <testcase classname="org.test.com.Exception_Test" name="add" time="0.006"/>
  <system-out/>
  <testcase classname="org.test.com.Exception_Test" name="divide" time="0.004"/>
  <system-out/>
</testsuite> <!-- org.test.com.Exception_Test -->
